#
# There is insufficient memory for the Java Runtime Environment to continue.
# Native memory allocation (malloc) failed to allocate 1080016 bytes for Chunk::new
# Possible reasons:
#   The system is out of physical RAM or swap space
#   In 32 bit mode, the process size limit was hit
# Possible solutions:
#   Reduce memory load on the system
#   Increase physical memory or swap space
#   Check if swap backing store is full
#   Use 64 bit Java on a 64 bit OS
#   Decrease Java heap size (-Xmx/-Xms)
#   Decrease number of Java threads
#   Decrease Java thread stack sizes (-Xss)
#   Set larger code cache with -XX:ReservedCodeCacheSize=
# This output file may be truncated or incomplete.
#
#  Out of Memory Error (allocation.cpp:390), pid=9056, tid=0x0000000000002924
#
# JRE version: OpenJDK Runtime Environment (8.0_152-b02) (build 1.8.0_152-release-1024-b02)
# Java VM: OpenJDK 64-Bit Server VM (25.152-b02 mixed mode windows-amd64 compressed oops)
# Failed to write core dump. Minidumps are not enabled by default on client versions of Windows
#

---------------  T H R E A D  ---------------

Current thread (0x000000001838d800):  JavaThread "C2 CompilerThread0" daemon [_thread_in_native, id=10532, stack(0x0000000019ad0000,0x0000000019bd0000)]

Stack: [0x0000000019ad0000,0x0000000019bd0000]
[error occurred during error reporting (printing stack bounds), id 0xc0000005]

Native frames: (J=compiled Java code, j=interpreted, Vv=VM code, C=native code)


Current CompileTask:
C2:2217954 10576       4       com.sun.org.apache.xerces.internal.impl.XMLNSDocumentScannerImpl::scanStartElement (1026 bytes)


---------------  P R O C E S S  ---------------

Java Threads: ( => current thread )
  0x000000001bb0a800 JavaThread "Task worker for ':' Thread 3" [_thread_blocked, id=9728, stack(0x000000002a850000,0x000000002a950000)]
  0x000000001bb07000 JavaThread "Task worker for ':' Thread 2" [_thread_in_Java, id=11308, stack(0x000000002a750000,0x000000002a850000)]
  0x000000001b179800 JavaThread "Task worker for ':'" [_thread_blocked, id=7468, stack(0x000000002a650000,0x000000002a750000)]
  0x000000001b17a800 JavaThread "Cache worker for Build Output Cleanup Cache (D:\Documents\Sigabe\.gradle\buildOutputCleanup)" [_thread_blocked, id=9460, stack(0x000000002a550000,0x000000002a650000)]
  0x000000001b179000 JavaThread "Cache worker for task history cache (D:\Documents\Sigabe\.gradle\4.4\taskHistory)" [_thread_blocked, id=11464, stack(0x000000002a450000,0x000000002a550000)]
  0x000000001b177800 JavaThread "Cache worker for file content cache (D:\Documents\Sigabe\.gradle\4.4\fileContent)" [_thread_blocked, id=11988, stack(0x000000002a350000,0x000000002a450000)]
  0x000000001b176800 JavaThread "build operations Thread 4" [_thread_blocked, id=12272, stack(0x000000002a250000,0x000000002a350000)]
  0x000000001b176000 JavaThread "build operations Thread 3" [_thread_blocked, id=1096, stack(0x000000002a150000,0x000000002a250000)]
  0x000000001b178000 JavaThread "build operations Thread 2" [_thread_blocked, id=11644, stack(0x000000002a050000,0x000000002a150000)]
  0x000000001b175000 JavaThread "build operations" [_thread_blocked, id=984, stack(0x0000000029f50000,0x000000002a050000)]
  0x000000001b16d000 JavaThread "Cache worker for Artifact transforms cache (C:\Users\Rizka RS\.gradle\wrapper\dists\caches\transforms-1)" [_thread_blocked, id=8364, stack(0x0000000029e50000,0x0000000029f50000)]
  0x000000001b16d800 JavaThread "Cache worker for file hash cache (D:\Documents\Sigabe\.gradle\4.4\fileHashes)" [_thread_blocked, id=10164, stack(0x0000000029d50000,0x0000000029e50000)]
  0x000000001b173800 JavaThread "Stdin handler" [_thread_blocked, id=7888, stack(0x0000000029c50000,0x0000000029d50000)]
  0x000000001b16c000 JavaThread "Asynchronous log dispatcher for DefaultDaemonConnection: socket connection from /127.0.0.1:11544 to /127.0.0.1:13873" [_thread_blocked, id=3660, stack(0x0000000029b50000,0x0000000029c50000)]
  0x000000001b170000 JavaThread "Daemon worker Thread 3" [_thread_blocked, id=7212, stack(0x0000000029a50000,0x0000000029b50000)]
  0x000000001b16f000 JavaThread "Cancel handler" [_thread_blocked, id=12236, stack(0x0000000029950000,0x0000000029a50000)]
  0x000000001b173000 JavaThread "Handler for socket connection from /127.0.0.1:11544 to /127.0.0.1:13873" [_thread_in_native, id=216, stack(0x0000000029850000,0x0000000029950000)]
  0x000000001b170800 JavaThread "Daemon Thread 3" [_thread_blocked, id=6536, stack(0x0000000029750000,0x0000000029850000)]
  0x000000001bb10800 JavaThread "Java2D Disposer" daemon [_thread_blocked, id=10500, stack(0x00000000258e0000,0x00000000259e0000)]
  0x000000001b172000 JavaThread "Memory manager" [_thread_blocked, id=4800, stack(0x0000000021990000,0x0000000021a90000)]
  0x000000001a78f800 JavaThread "pool-1-thread-1" [_thread_blocked, id=6156, stack(0x0000000021690000,0x0000000021790000)]
  0x000000001b711800 JavaThread "File lock request listener" [_thread_in_native, id=7972, stack(0x000000001def0000,0x000000001dff0000)]
  0x000000001d41d000 JavaThread "Cache worker for file hash cache (C:\Users\Rizka RS\.gradle\wrapper\dists\caches\4.4\fileHashes)" [_thread_blocked, id=10548, stack(0x000000001ddf0000,0x000000001def0000)]
  0x0000000019e17000 JavaThread "Daemon periodic checks" [_thread_blocked, id=8748, stack(0x000000001c320000,0x000000001c420000)]
  0x000000001a858800 JavaThread "Incoming local TCP Connector on port 11544" [_thread_in_native, id=9280, stack(0x000000001c0e0000,0x000000001c1e0000)]
  0x0000000019dfb800 JavaThread "Service Thread" daemon [_thread_blocked, id=11572, stack(0x000000001a1d0000,0x000000001a2d0000)]
  0x00000000183b1800 JavaThread "C1 CompilerThread2" daemon [_thread_blocked, id=8720, stack(0x0000000019cd0000,0x0000000019dd0000)]
  0x0000000018390800 JavaThread "C2 CompilerThread1" daemon [_thread_blocked, id=4580, stack(0x0000000019bd0000,0x0000000019cd0000)]
=>0x000000001838d800 JavaThread "C2 CompilerThread0" daemon [_thread_in_native, id=10532, stack(0x0000000019ad0000,0x0000000019bd0000)]
  0x000000001838c000 JavaThread "Attach Listener" daemon [_thread_blocked, id=10212, stack(0x00000000199d0000,0x0000000019ad0000)]
  0x000000001838b000 JavaThread "Signal Dispatcher" daemon [_thread_blocked, id=6320, stack(0x00000000198d0000,0x00000000199d0000)]
  0x0000000004a1c800 JavaThread "Finalizer" daemon [_thread_blocked, id=9348, stack(0x00000000195e0000,0x00000000196e0000)]
  0x0000000004a11800 JavaThread "Reference Handler" daemon [_thread_blocked, id=11708, stack(0x00000000194e0000,0x00000000195e0000)]
  0x0000000004922800 JavaThread "main" [_thread_blocked, id=3276, stack(0x00000000047c0000,0x00000000048c0000)]

Other Threads:
  0x0000000018356000 VMThread [stack: 0x00000000193e0000,0x00000000194e0000] [id=6184]
  0x0000000019dfc800 WatcherThread [stack: 0x000000001a2d0000,0x000000001a3d0000] [id=9676]

VM state:not at safepoint (normal execution)

VM Mutex/Monitor currently owned by a thread: None

Heap:
 PSYoungGen      total 116224K, used 92879K [0x00000000e0000000, 0x00000000e7f00000, 0x0000000100000000)
  eden space 105472K, 82% used [0x00000000e0000000,0x00000000e54a4278,0x00000000e6700000)
  from space 10752K, 67% used [0x00000000e7480000,0x00000000e7b8c080,0x00000000e7f00000)
  to   space 12288K, 0% used [0x00000000e6700000,0x00000000e6700000,0x00000000e7300000)
 ParOldGen       total 71168K, used 30391K [0x00000000a0000000, 0x00000000a4580000, 0x00000000e0000000)
  object space 71168K, 42% used [0x00000000a0000000,0x00000000a1dadf28,0x00000000a4580000)
 Metaspace       used 63202K, capacity 65436K, committed 65556K, reserved 1105920K
  class space    used 8206K, capacity 8720K, committed 8764K, reserved 1048576K

Card table byte_map: [0x0000000013de0000,0x00000000140f0000] byte_map_base: 0x00000000138e0000

Marking Bits: (ParMarkBitMap*) 0x0000000056114970
 Begin Bits: [0x00000000146f0000, 0x0000000015ef0000)
 End Bits:   [0x0000000015ef0000, 0x00000000176f0000)

Polling page: 0x0000000002e20000

CodeCache: size=245760Kb used=29166Kb max_used=29179Kb free=216593Kb
 bounds [0x0000000004a20000, 0x00000000066d0000, 0x0000000013a20000]
 total_blobs=9774 nmethods=8883 adapters=804
 compilation: enabled

Compilation events (10 events):
Event: 2216.338 Thread 0x00000000183b1800 nmethod 10691 0x000000000668ba90 code [0x000000000668bca0, 0x000000000668c968]
Event: 2216.354 Thread 0x0000000018390800 nmethod 10689 0x00000000066b07d0 code [0x00000000066b0a40, 0x00000000066b0fb8]
Event: 2216.354 Thread 0x0000000018390800 10694       4       com.sun.org.apache.xerces.internal.dom.NamedNodeMapImpl::findNamePoint (108 bytes)
Event: 2216.362 Thread 0x0000000018390800 nmethod 10694 0x00000000066b19d0 code [0x00000000066b1b40, 0x00000000066b1f98]
Event: 2216.362 Thread 0x0000000018390800 10696       4       com.android.ide.common.res2.ValueResourceParser2::getResource (71 bytes)
Event: 2216.477 Thread 0x00000000183b1800 10700       3       com.sun.org.apache.xerces.internal.dom.DeferredElementNSImpl::synchronizeChildren (18 bytes)
Event: 2216.478 Thread 0x00000000183b1800 nmethod 10700 0x000000000668f750 code [0x000000000668f8c0, 0x000000000668fc68]
Event: 2216.479 Thread 0x00000000183b1800 10701       3       com.android.ide.common.resources.configuration.VersionQualifier::<init> (10 bytes)
Event: 2216.480 Thread 0x00000000183b1800 nmethod 10701 0x00000000066b1590 code [0x00000000066b1700, 0x00000000066b1910]
Event: 2216.480 Thread 0x00000000183b1800 10704       3       com.android.resources.TouchScreen::getEnum (42 bytes)

GC Heap History (10 events):
Event: 76.083 GC heap before
{Heap before GC invocations=27 (full 2):
 PSYoungGen      total 91648K, used 89954K [0x00000000e0000000, 0x00000000e6480000, 0x0000000100000000)
  eden space 82432K, 99% used [0x00000000e0000000,0x00000000e4fb7d88,0x00000000e5080000)
  from space 9216K, 90% used [0x00000000e5b00000,0x00000000e6320aa8,0x00000000e6400000)
  to   space 10240K, 0% used [0x00000000e5080000,0x00000000e5080000,0x00000000e5a80000)
 ParOldGen       total 43008K, used 27938K [0x00000000a0000000, 0x00000000a2a00000, 0x00000000e0000000)
  object space 43008K, 64% used [0x00000000a0000000,0x00000000a1b48890,0x00000000a2a00000)
 Metaspace       used 57238K, capacity 58810K, committed 58968K, reserved 1099776K
  class space    used 7660K, capacity 8042K, committed 8064K, reserved 1048576K
Event: 76.114 GC heap after
Heap after GC invocations=27 (full 2):
 PSYoungGen      total 92672K, used 7337K [0x00000000e0000000, 0x00000000e7300000, 0x0000000100000000)
  eden space 82432K, 0% used [0x00000000e0000000,0x00000000e0000000,0x00000000e5080000)
  from space 10240K, 71% used [0x00000000e5080000,0x00000000e57aa548,0x00000000e5a80000)
  to   space 10752K, 0% used [0x00000000e6880000,0x00000000e6880000,0x00000000e7300000)
 ParOldGen       total 43008K, used 35262K [0x00000000a0000000, 0x00000000a2a00000, 0x00000000e0000000)
  object space 43008K, 81% used [0x00000000a0000000,0x00000000a226fba0,0x00000000a2a00000)
 Metaspace       used 57238K, capacity 58810K, committed 58968K, reserved 1099776K
  class space    used 7660K, capacity 8042K, committed 8064K, reserved 1048576K
}
Event: 79.489 GC heap before
{Heap before GC invocations=28 (full 2):
 PSYoungGen      total 92672K, used 36521K [0x00000000e0000000, 0x00000000e7300000, 0x0000000100000000)
  eden space 82432K, 35% used [0x00000000e0000000,0x00000000e1c800a0,0x00000000e5080000)
  from space 10240K, 71% used [0x00000000e5080000,0x00000000e57aa548,0x00000000e5a80000)
  to   space 10752K, 0% used [0x00000000e6880000,0x00000000e6880000,0x00000000e7300000)
 ParOldGen       total 43008K, used 35262K [0x00000000a0000000, 0x00000000a2a00000, 0x00000000e0000000)
  object space 43008K, 81% used [0x00000000a0000000,0x00000000a226fba0,0x00000000a2a00000)
 Metaspace       used 57340K, capacity 58916K, committed 59028K, reserved 1099776K
  class space    used 7667K, capacity 8077K, committed 8124K, reserved 1048576K
Event: 79.499 GC heap after
Heap after GC invocations=28 (full 2):
 PSYoungGen      total 103936K, used 1053K [0x00000000e0000000, 0x00000000e7180000, 0x0000000100000000)
  eden space 94720K, 0% used [0x00000000e0000000,0x00000000e0000000,0x00000000e5c80000)
  from space 9216K, 11% used [0x00000000e6880000,0x00000000e6987460,0x00000000e7180000)
  to   space 10752K, 0% used [0x00000000e5c80000,0x00000000e5c80000,0x00000000e6700000)
 ParOldGen       total 43008K, used 37963K [0x00000000a0000000, 0x00000000a2a00000, 0x00000000e0000000)
  object space 43008K, 88% used [0x00000000a0000000,0x00000000a2512c78,0x00000000a2a00000)
 Metaspace       used 57340K, capacity 58916K, committed 59028K, reserved 1099776K
  class space    used 7667K, capacity 8077K, committed 8124K, reserved 1048576K
}
Event: 79.500 GC heap before
{Heap before GC invocations=29 (full 3):
 PSYoungGen      total 103936K, used 1053K [0x00000000e0000000, 0x00000000e7180000, 0x0000000100000000)
  eden space 94720K, 0% used [0x00000000e0000000,0x00000000e0000000,0x00000000e5c80000)
  from space 9216K, 11% used [0x00000000e6880000,0x00000000e6987460,0x00000000e7180000)
  to   space 10752K, 0% used [0x00000000e5c80000,0x00000000e5c80000,0x00000000e6700000)
 ParOldGen       total 43008K, used 37963K [0x00000000a0000000, 0x00000000a2a00000, 0x00000000e0000000)
  object space 43008K, 88% used [0x00000000a0000000,0x00000000a2512c78,0x00000000a2a00000)
 Metaspace       used 57340K, capacity 58916K, committed 59028K, reserved 1099776K
  class space    used 7667K, capacity 8077K, committed 8124K, reserved 1048576K
Event: 80.153 GC heap after
Heap after GC invocations=29 (full 3):
 PSYoungGen      total 103936K, used 0K [0x00000000e0000000, 0x00000000e7180000, 0x0000000100000000)
  eden space 94720K, 0% used [0x00000000e0000000,0x00000000e0000000,0x00000000e5c80000)
  from space 9216K, 0% used [0x00000000e6880000,0x00000000e6880000,0x00000000e7180000)
  to   space 10752K, 0% used [0x00000000e5c80000,0x00000000e5c80000,0x00000000e6700000)
 ParOldGen       total 71168K, used 30375K [0x00000000a0000000, 0x00000000a4580000, 0x00000000e0000000)
  object space 71168K, 42% used [0x00000000a0000000,0x00000000a1da9f28,0x00000000a4580000)
 Metaspace       used 57340K, capacity 58916K, committed 59028K, reserved 1099776K
  class space    used 7667K, capacity 8077K, committed 8124K, reserved 1048576K
}
Event: 261.814 GC heap before
{Heap before GC invocations=30 (full 3):
 PSYoungGen      total 103936K, used 94720K [0x00000000e0000000, 0x00000000e7180000, 0x0000000100000000)
  eden space 94720K, 100% used [0x00000000e0000000,0x00000000e5c80000,0x00000000e5c80000)
  from space 9216K, 0% used [0x00000000e6880000,0x00000000e6880000,0x00000000e7180000)
  to   space 10752K, 0% used [0x00000000e5c80000,0x00000000e5c80000,0x00000000e6700000)
 ParOldGen       total 71168K, used 30375K [0x00000000a0000000, 0x00000000a4580000, 0x00000000e0000000)
  object space 71168K, 42% used [0x00000000a0000000,0x00000000a1da9f28,0x00000000a4580000)
 Metaspace       used 61437K, capacity 63306K, committed 63508K, reserved 1103872K
  class space    used 8026K, capacity 8481K, committed 8508K, reserved 1048576K
Event: 261.856 GC heap after
Heap after GC invocations=30 (full 3):
 PSYoungGen      total 105472K, used 9679K [0x00000000e0000000, 0x00000000e8080000, 0x0000000100000000)
  eden space 94720K, 0% used [0x00000000e0000000,0x00000000e0000000,0x00000000e5c80000)
  from space 10752K, 90% used [0x00000000e5c80000,0x00000000e65f3c48,0x00000000e6700000)
  to   space 12288K, 0% used [0x00000000e7480000,0x00000000e7480000,0x00000000e8080000)
 ParOldGen       total 71168K, used 30383K [0x00000000a0000000, 0x00000000a4580000, 0x00000000e0000000)
  object space 71168K, 42% used [0x00000000a0000000,0x00000000a1dabf28,0x00000000a4580000)
 Metaspace       used 61437K, capacity 63306K, committed 63508K, reserved 1103872K
  class space    used 8026K, capacity 8481K, committed 8508K, reserved 1048576K
}
Event: 275.920 GC heap before
{Heap before GC invocations=31 (full 3):
 PSYoungGen      total 105472K, used 104399K [0x00000000e0000000, 0x00000000e8080000, 0x0000000100000000)
  eden space 94720K, 100% used [0x00000000e0000000,0x00000000e5c80000,0x00000000e5c80000)
  from space 10752K, 90% used [0x00000000e5c80000,0x00000000e65f3c48,0x00000000e6700000)
  to   space 12288K, 0% used [0x00000000e7480000,0x00000000e7480000,0x00000000e8080000)
 ParOldGen       total 71168K, used 30383K [0x00000000a0000000, 0x00000000a4580000, 0x00000000e0000000)
  object space 71168K, 42% used [0x00000000a0000000,0x00000000a1dabf28,0x00000000a4580000)
 Metaspace       used 61546K, capacity 63440K, committed 63508K, reserved 1103872K
  class space    used 8027K, capacity 8482K, committed 8508K, reserved 1048576K
Event: 275.937 GC heap after
Heap after GC invocations=31 (full 3):
 PSYoungGen      total 116224K, used 7216K [0x00000000e0000000, 0x00000000e7f00000, 0x0000000100000000)
  eden space 105472K, 0% used [0x00000000e0000000,0x00000000e0000000,0x00000000e6700000)
  from space 10752K, 67% used [0x00000000e7480000,0x00000000e7b8c080,0x00000000e7f00000)
  to   space 12288K, 0% used [0x00000000e6700000,0x00000000e6700000,0x00000000e7300000)
 ParOldGen       total 71168K, used 30391K [0x00000000a0000000, 0x00000000a4580000, 0x00000000e0000000)
  object space 71168K, 42% used [0x00000000a0000000,0x00000000a1dadf28,0x00000000a4580000)
 Metaspace       used 61546K, capacity 63440K, committed 63508K, reserved 1103872K
  class space    used 8027K, capacity 8482K, committed 8508K, reserved 1048576K
}

Deoptimization events (10 events):
Event: 2215.611 Thread 0x000000001bb07000 Uncommon trap: reason=bimorphic action=maybe_recompile pc=0x000000000608df84 method=com.sun.org.apache.xerces.internal.dom.AttributeMap.setNamedItem(Lorg/w3c/dom/Node;)Lorg/w3c/dom/Node; @ 4
Event: 2215.611 Thread 0x000000001bb07000 Uncommon trap: reason=class_check action=maybe_recompile pc=0x0000000006254370 method=com.sun.org.apache.xerces.internal.dom.NodeImpl.getOwnerDocument()Lorg/w3c/dom/Document; @ 19
Event: 2215.648 Thread 0x000000001bb07000 Uncommon trap: reason=bimorphic action=maybe_recompile pc=0x000000000608df84 method=com.sun.org.apache.xerces.internal.dom.AttributeMap.setNamedItem(Lorg/w3c/dom/Node;)Lorg/w3c/dom/Node; @ 4
Event: 2215.649 Thread 0x000000001bb07000 Uncommon trap: reason=class_check action=maybe_recompile pc=0x0000000006254370 method=com.sun.org.apache.xerces.internal.dom.NodeImpl.getOwnerDocument()Lorg/w3c/dom/Document; @ 19
Event: 2215.731 Thread 0x000000001bb07000 Uncommon trap: reason=bimorphic action=maybe_recompile pc=0x0000000005138d34 method=com.sun.org.apache.xerces.internal.dom.NamedNodeMapImpl.findNamePoint(Ljava/lang/String;Ljava/lang/String;)I @ 52
Event: 2215.756 Thread 0x000000001bb07000 Uncommon trap: reason=bimorphic action=maybe_recompile pc=0x0000000005138d34 method=com.sun.org.apache.xerces.internal.dom.NamedNodeMapImpl.findNamePoint(Ljava/lang/String;Ljava/lang/String;)I @ 52
Event: 2215.756 Thread 0x000000001bb07000 Uncommon trap: reason=bimorphic action=maybe_recompile pc=0x0000000005138d34 method=com.sun.org.apache.xerces.internal.dom.NamedNodeMapImpl.findNamePoint(Ljava/lang/String;Ljava/lang/String;)I @ 52
Event: 2215.758 Thread 0x000000001bb07000 Uncommon trap: reason=bimorphic action=maybe_recompile pc=0x0000000005138d34 method=com.sun.org.apache.xerces.internal.dom.NamedNodeMapImpl.findNamePoint(Ljava/lang/String;Ljava/lang/String;)I @ 52
Event: 2215.758 Thread 0x000000001bb07000 Uncommon trap: reason=bimorphic action=maybe_recompile pc=0x00000000063734e0 method=com.sun.org.apache.xerces.internal.dom.NamedNodeMapImpl.findNamePoint(Ljava/lang/String;Ljava/lang/String;)I @ 52
Event: 2215.771 Thread 0x000000001bb07000 Uncommon trap: reason=unstable_if action=reinterpret pc=0x00000000062ea83c method=com.android.ide.common.res2.ValueResourceParser2.checkDuplicate(Lcom/android/ide/common/res2/ResourceItem;Ljava/util/Map;Ljava/io/File;)V @ 1

Classes redefined (0 events):
No events

Internal exceptions (10 events):
Event: 2182.142 Thread 0x000000001b170000 Exception <a 'java/lang/NoSuchMethodError': <clinit>> (0x00000000e29547d8) thrown at [D:\src\AOSP-openjdk-cygwin\jdk8u\hotspot\src\share\vm\prims\jni.cpp, line 1613]
Event: 2182.886 Thread 0x000000001b170000 Exception <a 'java/lang/NoSuchMethodError': <clinit>> (0x00000000e29a3458) thrown at [D:\src\AOSP-openjdk-cygwin\jdk8u\hotspot\src\share\vm\prims\jni.cpp, line 1613]
Event: 2183.217 Thread 0x000000001b170000 Exception <a 'java/lang/NoSuchMethodError': <clinit>> (0x00000000e2a1d0b0) thrown at [D:\src\AOSP-openjdk-cygwin\jdk8u\hotspot\src\share\vm\prims\jni.cpp, line 1613]
Event: 2183.217 Thread 0x000000001b170000 Exception <a 'java/lang/NoSuchMethodError': <clinit>> (0x00000000e2a20d70) thrown at [D:\src\AOSP-openjdk-cygwin\jdk8u\hotspot\src\share\vm\prims\jni.cpp, line 1613]
Event: 2183.217 Thread 0x000000001b170000 Exception <a 'java/lang/NoSuchMethodError': <clinit>> (0x00000000e2a228e8) thrown at [D:\src\AOSP-openjdk-cygwin\jdk8u\hotspot\src\share\vm\prims\jni.cpp, line 1613]
Event: 2195.687 Thread 0x000000001b170000 Exception <a 'sun/nio/fs/WindowsException'> (0x00000000e322a030) thrown at [D:\src\AOSP-openjdk-cygwin\jdk8u\hotspot\src\share\vm\prims\jni.cpp, line 709]
Event: 2197.232 Thread 0x000000001b170000 Exception <a 'sun/nio/fs/WindowsException'> (0x00000000e3279f38) thrown at [D:\src\AOSP-openjdk-cygwin\jdk8u\hotspot\src\share\vm\prims\jni.cpp, line 709]
Event: 2212.585 Thread 0x000000001bb07000 Implicit null exception at 0x00000000065bbf40 to 0x00000000065be031
Event: 2212.663 Thread 0x000000001bb07000 Implicit null exception at 0x00000000065a3fe8 to 0x00000000065a8479
Event: 2215.759 Thread 0x000000001bb07000 Implicit null exception at 0x00000000062e8a15 to 0x00000000062ea82d

Events (10 events):
Event: 2215.758 Thread 0x000000001bb07000 Uncommon trap: trap_request=0xffffffc6 fr.pc=0x00000000063734e0
Event: 2215.758 Thread 0x000000001bb07000 DEOPT PACKING pc=0x00000000063734e0 sp=0x000000002a84ca00
Event: 2215.758 Thread 0x000000001bb07000 DEOPT UNPACKING pc=0x0000000004a6557b sp=0x000000002a84c9d0 mode 2
Event: 2215.759 Thread 0x000000001bb07000 Uncommon trap: trap_request=0xffffff65 fr.pc=0x00000000062ea83c
Event: 2215.771 Thread 0x000000001bb07000 DEOPT PACKING pc=0x00000000062ea83c sp=0x000000002a84cad0
Event: 2215.771 Thread 0x000000001bb07000 DEOPT UNPACKING pc=0x0000000004a6557b sp=0x000000002a84ca88 mode 2
Event: 2215.772 loading class com/sun/org/apache/xerces/internal/dom/DeferredTextImpl
Event: 2215.786 loading class com/sun/org/apache/xerces/internal/dom/DeferredTextImpl done
Event: 2215.786 Executing VM operation: Deoptimize
Event: 2215.806 Executing VM operation: Deoptimize done


Dynamic libraries:
0x00007ff7834c0000 - 0x00007ff7834f1000 	C:\Program Files\Android\Android Studio\jre\bin\java.exe
0x00007ffd672c0000 - 0x00007ffd674a0000 	C:\WINDOWS\SYSTEM32\ntdll.dll
0x00007ffd4da70000 - 0x00007ffd4daa4000 	C:\Program Files (x86)\AVG\Antivirus\x64\aswhooka.dll
0x00007ffd664a0000 - 0x00007ffd6654e000 	C:\WINDOWS\System32\KERNEL32.DLL
0x00007ffd63a80000 - 0x00007ffd63ce6000 	C:\WINDOWS\System32\KERNELBASE.dll
0x00007ffd66ba0000 - 0x00007ffd66c41000 	C:\WINDOWS\System32\ADVAPI32.dll
0x00007ffd66090000 - 0x00007ffd6612d000 	C:\WINDOWS\System32\msvcrt.dll
0x00007ffd66130000 - 0x00007ffd6618b000 	C:\WINDOWS\System32\sechost.dll
0x00007ffd648d0000 - 0x00007ffd649ef000 	C:\WINDOWS\System32\RPCRT4.dll
0x00007ffd670d0000 - 0x00007ffd6725f000 	C:\WINDOWS\System32\USER32.dll
0x00007ffd63890000 - 0x00007ffd638b0000 	C:\WINDOWS\System32\win32u.dll
0x00007ffd66c50000 - 0x00007ffd66c78000 	C:\WINDOWS\System32\GDI32.dll
0x00007ffd645f0000 - 0x00007ffd64783000 	C:\WINDOWS\System32\gdi32full.dll
0x00007ffd637f0000 - 0x00007ffd6388b000 	C:\WINDOWS\System32\msvcp_win.dll
0x00007ffd64490000 - 0x00007ffd64586000 	C:\WINDOWS\System32\ucrtbase.dll
0x00007ffd53030000 - 0x00007ffd53299000 	C:\WINDOWS\WinSxS\amd64_microsoft.windows.common-controls_6595b64144ccf1df_6.0.16299.371_none_15c7d1789365a290\COMCTL32.dll
0x00007ffd66770000 - 0x00007ffd66a78000 	C:\WINDOWS\System32\combase.dll
0x00007ffd636c0000 - 0x00007ffd63732000 	C:\WINDOWS\System32\bcryptPrimitives.dll
0x00007ffd67260000 - 0x00007ffd6728d000 	C:\WINDOWS\System32\IMM32.DLL
0x00000000563e0000 - 0x00000000564b2000 	C:\Program Files\Android\Android Studio\jre\jre\bin\msvcr100.dll
0x0000000055950000 - 0x000000005618f000 	C:\Program Files\Android\Android Studio\jre\jre\bin\server\jvm.dll
0x00007ffd64790000 - 0x00007ffd64798000 	C:\WINDOWS\System32\PSAPI.DLL
0x00007ffd59370000 - 0x00007ffd59379000 	C:\WINDOWS\SYSTEM32\WSOCK32.dll
0x00007ffd64aa0000 - 0x00007ffd64b0c000 	C:\WINDOWS\System32\WS2_32.dll
0x00007ffd61470000 - 0x00007ffd61493000 	C:\WINDOWS\SYSTEM32\WINMM.dll
0x00007ffd5ca00000 - 0x00007ffd5ca0a000 	C:\WINDOWS\SYSTEM32\VERSION.dll
0x00007ffd61440000 - 0x00007ffd6146a000 	C:\WINDOWS\SYSTEM32\WINMMBASE.dll
0x00007ffd64440000 - 0x00007ffd6448a000 	C:\WINDOWS\System32\cfgmgr32.dll
0x00007ffd616d0000 - 0x00007ffd616df000 	C:\Program Files\Android\Android Studio\jre\jre\bin\verify.dll
0x00007ffd5ec50000 - 0x00007ffd5ec79000 	C:\Program Files\Android\Android Studio\jre\jre\bin\java.dll
0x00007ffd5eb60000 - 0x00007ffd5eb76000 	C:\Program Files\Android\Android Studio\jre\jre\bin\zip.dll
0x00007ffd64c50000 - 0x00007ffd66086000 	C:\WINDOWS\System32\SHELL32.dll
0x00007ffd649f0000 - 0x00007ffd64a96000 	C:\WINDOWS\System32\shcore.dll
0x00007ffd63cf0000 - 0x00007ffd64437000 	C:\WINDOWS\System32\windows.storage.dll
0x00007ffd64870000 - 0x00007ffd648c1000 	C:\WINDOWS\System32\shlwapi.dll
0x00007ffd63630000 - 0x00007ffd63641000 	C:\WINDOWS\System32\kernel.appcore.dll
0x00007ffd63670000 - 0x00007ffd636bc000 	C:\WINDOWS\System32\powrprof.dll
0x00007ffd63650000 - 0x00007ffd6366b000 	C:\WINDOWS\System32\profapi.dll
0x00007ffd5eb10000 - 0x00007ffd5eb2a000 	C:\Program Files\Android\Android Studio\jre\jre\bin\net.dll
0x00007ffd62ea0000 - 0x00007ffd62f06000 	C:\WINDOWS\system32\mswsock.dll
0x00007ffd5eaf0000 - 0x00007ffd5eb01000 	C:\Program Files\Android\Android Studio\jre\jre\bin\nio.dll
0x00007ffd5e200000 - 0x00007ffd5e21e000 	C:\Users\Rizka RS\.gradle\wrapper\dists\native\25\windows-amd64\native-platform.dll
0x00007ffd614d0000 - 0x00007ffd614dd000 	C:\Program Files\Android\Android Studio\jre\jre\bin\management.dll
0x00007ffd63060000 - 0x00007ffd63077000 	C:\WINDOWS\SYSTEM32\CRYPTSP.dll
0x00007ffd62a40000 - 0x00007ffd62a73000 	C:\WINDOWS\system32\rsaenh.dll
0x00007ffd63170000 - 0x00007ffd63195000 	C:\WINDOWS\SYSTEM32\bcrypt.dll
0x00007ffd63510000 - 0x00007ffd63539000 	C:\WINDOWS\SYSTEM32\USERENV.dll
0x00007ffd63160000 - 0x00007ffd6316b000 	C:\WINDOWS\SYSTEM32\CRYPTBASE.dll
0x00007ffd62bd0000 - 0x00007ffd62c09000 	C:\WINDOWS\SYSTEM32\IPHLPAPI.DLL
0x00007ffd66550000 - 0x00007ffd66558000 	C:\WINDOWS\System32\NSI.dll
0x00007ffd5bed0000 - 0x00007ffd5bee6000 	C:\WINDOWS\SYSTEM32\dhcpcsvc6.DLL
0x00007ffd5cd90000 - 0x00007ffd5cdaa000 	C:\WINDOWS\SYSTEM32\dhcpcsvc.DLL
0x00007ffd50d20000 - 0x00007ffd50eb6000 	C:\Program Files\Android\Android Studio\jre\jre\bin\awt.dll
0x00007ffd647a0000 - 0x00007ffd64865000 	C:\WINDOWS\System32\OLEAUT32.dll
0x00007ffd60d70000 - 0x00007ffd61328000 	C:\WINDOWS\SYSTEM32\d2d1.dll
0x00007ffd638b0000 - 0x00007ffd63a7e000 	C:\WINDOWS\System32\CRYPT32.dll
0x00007ffd63610000 - 0x00007ffd63622000 	C:\WINDOWS\System32\MSASN1.dll
0x00007ffd61ac0000 - 0x00007ffd61b48000 	C:\WINDOWS\SYSTEM32\apphelp.dll
0x00007ffd61eb0000 - 0x00007ffd61eda000 	C:\WINDOWS\system32\DWMAPI.DLL
0x00007ffd61de0000 - 0x00007ffd61e75000 	C:\WINDOWS\system32\uxtheme.dll

VM Arguments:
jvm_args: -Xmx1536m -Dfile.encoding=windows-1252 -Duser.country=US -Duser.language=en -Duser.variant 
java_command: org.gradle.launcher.daemon.bootstrap.GradleDaemon 4.4
java_class_path (initial): C:\Users\Rizka RS\.gradle\wrapper\dists\wrapper\dists\gradle-4.4-all\9br9xq1tocpiv8o6njlyu5op1\gradle-4.4\lib\gradle-launcher-4.4.jar
Launcher Type: SUN_STANDARD

Environment Variables:
JAVA_HOME=C:\Program Files\Java\jdk1.8.0_92
CLASSPATH=C:\Program Files\Java\jdk1.8.0_92\lib\tools.jar;C:\Program Files\Java\jre1.8.0_92\bin;D:\Documents\Office\PENS\Semester 3\PBO\Prak PBO\Prak 7 Mengelola\sekolah;
PATH=D:\app\RizkaRS\product\11.2.0\dbhome1\bin;C:\app\RizkaRS\product\11.2.0\dbhome_1\bin;D:\app\RizkaRS\product\11.2.0\dbhome_1\bin;C:\oraclexe\app\oracle\product\11.2.0\server\bin;C:\Program Files (x86)\Common Files\Intel\Shared Files\cpp\bin\Intel64;C:\ProgramData\Oracle\Java\javapath;C:\WINDOWS\system32;C:\WINDOWS;C:\WINDOWS\System32\Wbem;C:\WINDOWS\System32\WindowsPowerShell\v1.0\;C:\instantclient_11_2;C:\Program Files\Java\jdk1.8.0_92\bin;C:\Program Files\Java\jdk1.8.0_92\bin;C:\Program Files\Java\jre1.8.0_92\bin;C:\Program Files\Git\cmd;C:\ProgramData\chocolatey\bin;C:\Users\SYSTEM\AppData\Local\.meteor;C:\Program Files (x86)\Microsoft SQL Server\100\Tools\Binn\;C:\Program Files\Microsoft SQL Server\100\Tools\Binn\;C:\Program Files\Microsoft SQL Server\100\DTS\Binn\;C:\php7;C:\Apache24;C:\Python;C:\Program Files (x86)\Microsoft ASP.NET\ASP.NET Web Pages\v1.0\;C:\Program Files\Microsoft SQL Server\110\Tools\Binn\;C:\Users\Rizka RS\AppData\Local\Microsoft\WindowsApps;C:\Users\Rizka RS\AppData\Local\.meteor;C:\Users\Rizka RS\AppData\Roaming\Composer\vendor\bin;C:\Program Files\Microsoft VS Code\bin
USERNAME=Rizka RS
OS=Windows_NT
PROCESSOR_IDENTIFIER=AMD64 Family 22 Model 48 Stepping 1, AuthenticAMD



---------------  S Y S T E M  ---------------

OS: Windows 10.0 , 64 bit Build 16299 (10.0.16299.15)

CPU:total 4 (initial active 4) (4 cores per cpu, 1 threads per core) family 22 model 48 stepping 1, cmov, cx8, fxsr, mmx, sse, sse2, sse3, ssse3, sse4.1, sse4.2, popcnt, avx, aes, clmul, mmxext, 3dnowpref, lzcnt, sse4a, tsc, tscinvbit, tscinv, bmi1

Memory: 4k page, physical 3636508k(351804k free), swap 14646556k(6580k free)

vm_info: OpenJDK 64-Bit Server VM (25.152-b02) for windows-amd64 JRE (1.8.0_152-release-1024-b02), built by "builder" with MS VC++ 10.0 (VS2010)

time: Mon Sep 24 06:22:18 2018
elapsed time: 2218 seconds (0d 0h 36m 58s)

